<?xml version="1.0" encoding="UTF-8" standalone="no"?>
<testsuite errors="0" failures="1" name="io.cucumber.core.plugin.JUnitFormatter" skipped="0" tests="1" time="16.612">
    <testcase classname="US1012 Kullanıcı register yapabilmeli" name="TC17 kullanıcı uygun datalarla register olabilmeli" time="15.992">
        <failure message="unknown error: unexpected command response&#10;  (Session info: chrome=103.0.5060.114)&#10;Build info: version: '4.1.3', revision: '7b1ebf28ef'&#10;System info: host: 'VANILYA', ip: '192.168.1.48', os.name: 'Windows 8.1', os.arch: 'amd64', os.version: '6.3', java.version: '11.0.14'&#10;Driver info: org.openqa.selenium.chrome.ChromeDriver&#10;Command: [7aa0d4aa2ae63e9dfe6c7a3629db1e55, clickElement {id=d655c18b-fa55-40cf-97f5-2ebaa1c24e19}]&#10;Capabilities {acceptInsecureCerts: false, browserName: chrome, browserVersion: 103.0.5060.114, chrome: {chromedriverVersion: 103.0.5060.53 (a1711811edd7..., userDataDir: C:\Users\Yasemin\AppData\Lo...}, goog:chromeOptions: {debuggerAddress: localhost:59639}, javascriptEnabled: true, networkConnectionEnabled: false, pageLoadStrategy: normal, platform: WINDOWS, platformName: WINDOWS, proxy: Proxy(), se:cdp: ws://localhost:59639/devtoo..., se:cdpVersion: 103.0.5060.114, setWindowRect: true, strictFileInteractability: false, timeouts: {implicit: 0, pageLoad: 300000, script: 30000}, unhandledPromptBehavior: dismiss and notify, webauthn:extension:credBlob: true, webauthn:extension:largeBlob: true, webauthn:virtualAuthenticators: true}&#10;Element: [[ChromeDriver: chrome on WINDOWS (7aa0d4aa2ae63e9dfe6c7a3629db1e55)] -&gt; xpath: //a[@class='login']]&#10;Session ID: 7aa0d4aa2ae63e9dfe6c7a3629db1e55" type="org.openqa.selenium.WebDriverException">
            <![CDATA[Given kullanıcı "automationUrl" anasayfasında...............................passed
And user sign in linkine tıklar.............................................failed
And user Create and account bolumune email adresi girer.....................skipped
And Create an Account butonuna basar........................................skipped
And user kisisel bilgilerini ve iletisim bilgilerini girer..................skipped
And user Register butonuna basar............................................skipped
Then hesap olustugunu dogrular..............................................skipped
And sayfayı kapatır.........................................................skipped

StackTrace:
org.openqa.selenium.WebDriverException: unknown error: unexpected command response
  (Session info: chrome=103.0.5060.114)
Build info: version: '4.1.3', revision: '7b1ebf28ef'
System info: host: 'VANILYA', ip: '192.168.1.48', os.name: 'Windows 8.1', os.arch: 'amd64', os.version: '6.3', java.version: '11.0.14'
Driver info: org.openqa.selenium.chrome.ChromeDriver
Command: [7aa0d4aa2ae63e9dfe6c7a3629db1e55, clickElement {id=d655c18b-fa55-40cf-97f5-2ebaa1c24e19}]
Capabilities {acceptInsecureCerts: false, browserName: chrome, browserVersion: 103.0.5060.114, chrome: {chromedriverVersion: 103.0.5060.53 (a1711811edd7..., userDataDir: C:\Users\Yasemin\AppData\Lo...}, goog:chromeOptions: {debuggerAddress: localhost:59639}, javascriptEnabled: true, networkConnectionEnabled: false, pageLoadStrategy: normal, platform: WINDOWS, platformName: WINDOWS, proxy: Proxy(), se:cdp: ws://localhost:59639/devtoo..., se:cdpVersion: 103.0.5060.114, setWindowRect: true, strictFileInteractability: false, timeouts: {implicit: 0, pageLoad: 300000, script: 30000}, unhandledPromptBehavior: dismiss and notify, webauthn:extension:credBlob: true, webauthn:extension:largeBlob: true, webauthn:virtualAuthenticators: true}
Element: [[ChromeDriver: chrome on WINDOWS (7aa0d4aa2ae63e9dfe6c7a3629db1e55)] -> xpath: //a[@class='login']]
Session ID: 7aa0d4aa2ae63e9dfe6c7a3629db1e55
	at java.base/jdk.internal.reflect.NativeConstructorAccessorImpl.newInstance0(Native Method)
	at java.base/jdk.internal.reflect.NativeConstructorAccessorImpl.newInstance(NativeConstructorAccessorImpl.java:62)
	at java.base/jdk.internal.reflect.DelegatingConstructorAccessorImpl.newInstance(DelegatingConstructorAccessorImpl.java:45)
	at java.base/java.lang.reflect.Constructor.newInstance(Constructor.java:490)
	at org.openqa.selenium.remote.codec.w3c.W3CHttpResponseCodec.createException(W3CHttpResponseCodec.java:200)
	at org.openqa.selenium.remote.codec.w3c.W3CHttpResponseCodec.decode(W3CHttpResponseCodec.java:133)
	at org.openqa.selenium.remote.codec.w3c.W3CHttpResponseCodec.decode(W3CHttpResponseCodec.java:53)
	at org.openqa.selenium.remote.HttpCommandExecutor.execute(HttpCommandExecutor.java:184)
	at org.openqa.selenium.remote.service.DriverCommandExecutor.invokeExecute(DriverCommandExecutor.java:167)
	at org.openqa.selenium.remote.service.DriverCommandExecutor.execute(DriverCommandExecutor.java:142)
	at org.openqa.selenium.remote.RemoteWebDriver.execute(RemoteWebDriver.java:567)
	at org.openqa.selenium.remote.RemoteWebElement.execute(RemoteWebElement.java:251)
	at org.openqa.selenium.remote.RemoteWebElement.click(RemoteWebElement.java:77)
	at java.base/jdk.internal.reflect.NativeMethodAccessorImpl.invoke0(Native Method)
	at java.base/jdk.internal.reflect.NativeMethodAccessorImpl.invoke(NativeMethodAccessorImpl.java:62)
	at java.base/jdk.internal.reflect.DelegatingMethodAccessorImpl.invoke(DelegatingMethodAccessorImpl.java:43)
	at java.base/java.lang.reflect.Method.invoke(Method.java:566)
	at org.openqa.selenium.support.pagefactory.internal.LocatingElementHandler.invoke(LocatingElementHandler.java:52)
	at com.sun.proxy.$Proxy23.click(Unknown Source)
	at stepDefinitions.AutomationStepDefinitions.user_sign_in_linkine_tıklar(AutomationStepDefinitions.java:20)
	at ✽.user sign in linkine tıklar(file:///C:/Users/Yasemin/IdeaProjects/com.batch59Cucumber/src/test/resources/features/US1012_AutomationPractice.feature:7)
]]>
        </failure>
    </testcase>
</testsuite>
